<?xml version="1.0" encoding="UTF-8"?>
<!-- Generated by org.testng.reporters.JUnitReportReporter -->
<testsuite hostname="DESKTOP-O3BHHH8" failures="0" tests="5" name="com.restassured.api.api_test.UserTests" time="11.854" errors="0" timestamp="2025-09-14T00:38:42 IST" skipped="0">
  <testcase classname="com.restassured.api.api_test.UserTests" name="testGetAllUsers" time="6.166"/>
  <testcase classname="com.restassured.api.api_test.UserTests" name="testCreateUser" time="1.701"/>
  <testcase classname="com.restassured.api.api_test.UserTests" name="testGetSpecificUser" time="2.560"/>
  <testcase classname="com.restassured.api.api_test.UserTests" name="testUpdateUser" time="0.902"/>
  <testcase classname="com.restassured.api.api_test.UserTests" name="testDeleteUser" time="0.525"/>
</testsuite> <!-- com.restassured.api.api_test.UserTests -->
