<?xml version="1.0" encoding="UTF-8"?>
<!-- Generated by org.testng.reporters.JUnitReportReporter -->
<testsuite hostname="DESKTOP-O3BHHH8" failures="0" tests="5" name="com.restassured.api.api_test.UserTests" time="9.611" errors="0" timestamp="2025-09-13T03:33:34 IST" skipped="1">
  <testcase classname="com.restassured.api.api_test.UserTests" name="testGetAllUsers" time="5.023"/>
  <testcase classname="com.restassured.api.api_test.UserTests" name="testCreateUser" time="1.038"/>
  <testcase classname="com.restassured.api.api_test.UserTests" name="testGetSpecificUser" time="2.285"/>
  <testcase classname="com.restassured.api.api_test.UserTests" name="testUpdateUser" time="1.265"/>
  <testcase classname="com.restassured.api.api_test.UserTests" name="testDeleteUser">
    <skipped/>
  </testcase> <!-- testDeleteUser -->
</testsuite> <!-- com.restassured.api.api_test.UserTests -->
